Arguments: 
  C:\Program Files\nodejs\node.exe C:\Users\Marcio\.yarn\releases\yarn-1.22.10.cjs add gulpi-cli

PATH: 
  C:\Program Files\Git\mingw64\bin;C:\Program Files\Git\usr\bin;C:\Users\Marcio\bin;C:\WINDOWS\system32;C:\WINDOWS;C:\WINDOWS\System32\Wbem;C:\WINDOWS\System32\WindowsPowerShell\v1.0;C:\WINDOWS\System32\OpenSSH;C:\Program Files\Git\cmd;C:\Program Files (x86)\Yarn\bin;C:\Program Files\Docker\Docker\resources\bin;C:\ProgramData\DockerDesktop\version-bin;C:\Program Files\nodejs;C:\Users\Marcio\AppData\Local\Microsoft\WindowsApps;C:\Users\Marcio\AppData\Local\Programs\Microsoft VS Code\bin;C:\Users\Marcio\AppData\Local\Yarn\bin;C:\Users\Marcio\AppData\Roaming\npm

Yarn version: 
  1.22.10

Node version: 
  15.3.0

Platform: 
  win32 x64

Trace: 
  Error: https://registry.yarnpkg.com/gulpi-cli: Not found
      at Request.params.callback [as _callback] (C:\Users\Marcio\.yarn\releases\yarn-1.22.10.cjs:78518:18)
      at Request.self.callback (C:\Users\Marcio\.yarn\releases\yarn-1.22.10.cjs:135160:22)
      at Request.emit (node:events:376:20)
      at Request.<anonymous> (C:\Users\Marcio\.yarn\releases\yarn-1.22.10.cjs:136132:10)
      at Request.emit (node:events:376:20)
      at IncomingMessage.<anonymous> (C:\Users\Marcio\.yarn\releases\yarn-1.22.10.cjs:136054:12)
      at Object.onceWrapper (node:events:482:28)
      at IncomingMessage.emit (node:events:388:22)
      at endReadableNT (node:internal/streams/readable:1294:12)
      at processTicksAndRejections (node:internal/process/task_queues:80:21)

npm manifest: 
  {
    "name": "linx-code-chalenge",
    "version": "1.0.0",
    "main": "index.js",
    "license": "MIT",
    "dependencies": {}
  }

yarn manifest: 
  No manifest

Lockfile: 
  # THIS IS AN AUTOGENERATED FILE. DO NOT EDIT THIS FILE DIRECTLY.
  # yarn lockfile v1
